<?xml version="1.0" encoding="utf-8"?><testsuites><testsuite name="pytest" errors="0" failures="2" skipped="0" tests="4" time="49.605" timestamp="2021-05-10T20:39:03.301727" hostname="bogon"><testcase classname="test_dir.test_login.TestLogin" name="test_PasswordLogin" time="16.322"><failure message="AssertionError: assert 'login.taobao' not in 'https://log...7611d9RB7vml'&#10;  'login.taobao' is contained here:&#10;    https://login.taobao.com/member/login.jhtml?spm=a21bo.21814703.754894437.1.248711d9XiYMbl&amp;f=top&amp;redirectURL=https%3A%2F%2Fwww.taobao.com%2F%3Fspm%3Da2107.1.0.0.4c7611d9RB7vml&#10;  ?         ++++++++++++">self = &lt;test_dir.test_login.TestLogin object at 0x106304e80&gt;
browser = &lt;selenium.webdriver.chrome.webdriver.WebDriver (session="37f5f1bd36f87b1d9e87b77cc1de5b21")&gt;
base_url = 'https://login.taobao.com/member/login.jhtml?spm=a21bo.21814703.754894437.1.248711d9XiYMbl&amp;f=top&amp;redirectURL=https%3A%2F%2Fwww.taobao.com%2F%3Fspm%3Da2107.1.0.0.4c7611d9RB7vml'
username = '1870057065@qq.com', password = '1303127066zxl**'

    def test_PasswordLogin(self, browser, base_url, username = "1870057065@qq.com", password = "1303127066zxl**"):
        """
        名称："淘宝密码登录"
        步骤：
        1、点击密码登录按钮
        2、输入用户名
        3、输入密码
        4、点击登录按钮
        检查点：
        * 检查页面是否跳转
        """
        page = LoginPage(browser)
        page.get(base_url)
        page.PasswordLoginButton.click()
        page.UsernameInput = username
        page.PasswordInput = password
        page.LoginButton.click()
        sleep(2)
&gt;       assert "login.taobao" not in browser.current_url
E       AssertionError: assert 'login.taobao' not in 'https://log...7611d9RB7vml'
E         'login.taobao' is contained here:
E           https://login.taobao.com/member/login.jhtml?spm=a21bo.21814703.754894437.1.248711d9XiYMbl&amp;f=top&amp;redirectURL=https%3A%2F%2Fwww.taobao.com%2F%3Fspm%3Da2107.1.0.0.4c7611d9RB7vml
E         ?         ++++++++++++

test_dir/test_login.py:31: AssertionError</failure></testcase><testcase classname="test_dir.test_login.TestLogin" name="test_MessageLogin" time="15.514"><failure message="AssertionError: assert 'login.taobao' not in 'https://log...7611d9RB7vml'&#10;  'login.taobao' is contained here:&#10;    https://login.taobao.com/member/login.jhtml?spm=a21bo.21814703.754894437.1.248711d9XiYMbl&amp;f=top&amp;redirectURL=https%3A%2F%2Fwww.taobao.com%2F%3Fspm%3Da2107.1.0.0.4c7611d9RB7vml&#10;  ?         ++++++++++++">self = &lt;test_dir.test_login.TestLogin object at 0x10632d2b0&gt;
browser = &lt;selenium.webdriver.chrome.webdriver.WebDriver (session="37f5f1bd36f87b1d9e87b77cc1de5b21")&gt;
base_url = 'https://login.taobao.com/member/login.jhtml?spm=a21bo.21814703.754894437.1.248711d9XiYMbl&amp;f=top&amp;redirectURL=https%3A%2F%2Fwww.taobao.com%2F%3Fspm%3Da2107.1.0.0.4c7611d9RB7vml'
number = '13578909291'

    def test_MessageLogin(self, browser, base_url, number = "13578909291"):
        """
        名称："淘宝短信登录"
        步骤：
        1、点击短信登录按钮
        2、输入电话号
        3、点击获取验证码按钮
        4、输入验证码
        5、点击登录按钮
        检查点：
        * 检查页面是否跳转
        """
        page = LoginPage(browser)
        page.get(base_url)
        page.MessageLoginButton.click()
        page.NumberInput = number
        page.GetVerifyButton.click()
        print("[*] 请输入获取到的验证码:", end = "")
        VerifyCode = input()
        page.VerifyInput = VerifyCode
        page.LoginButton.click()
&gt;       assert "login.taobao" not in browser.current_url
E       AssertionError: assert 'login.taobao' not in 'https://log...7611d9RB7vml'
E         'login.taobao' is contained here:
E           https://login.taobao.com/member/login.jhtml?spm=a21bo.21814703.754894437.1.248711d9XiYMbl&amp;f=top&amp;redirectURL=https%3A%2F%2Fwww.taobao.com%2F%3Fspm%3Da2107.1.0.0.4c7611d9RB7vml
E         ?         ++++++++++++

test_dir/test_login.py:54: AssertionError</failure></testcase><testcase classname="test_dir.test_login.TestLogin" name="test_QrLogin" time="11.344" /><testcase classname="test_dir.test_login.TestLogin" name="test_CookieLogin" time="3.104" /></testsuite></testsuites>